Build started 8/13/2020 10:50:50 PM.
     1>Project "c:\Users\User\documents\visual studio 2010\Projects\circle\circle\circle.vcxproj" on node 2 (build target(s)).
     1>InitializeBuildStatus:
         Touching "Debug\circle.unsuccessfulbuild".
       ClCompile:
         C:\Program Files (x86)\Microsoft Visual Studio 10.0\VC\bin\CL.exe /c /ZI /nologo /W3 /WX- /Od /Oy- /D WIN32 /D _DEBUG /D _CONSOLE /D _UNICODE /D UNICODE /Gm /EHsc /RTC1 /MDd /GS /fp:precise /Zc:wchar_t /Zc:forScope /Fo"Debug\\" /Fd"Debug\vc100.pdb" /Gd /TP /analyze- /errorReport:prompt circle.cpp
         circle.cpp
     1>c:\users\user\documents\visual studio 2010\projects\circle\circle\circle.cpp(30): error C2660: 'areaCircle' : function does not take 0 arguments
     1>c:\users\user\documents\visual studio 2010\projects\circle\circle\circle.cpp(49): warning C4244: 'return' : conversion from 'int' to 'float', possible loss of data
     1>c:\users\user\documents\visual studio 2010\projects\circle\circle\circle.cpp(52): warning C4305: 'initializing' : truncation from 'double' to 'float'
     1>Done Building Project "c:\Users\User\documents\visual studio 2010\Projects\circle\circle\circle.vcxproj" (build target(s)) -- FAILED.

Build FAILED.

Time Elapsed 00:00:00.26
